2024-03-12T17:16:53.924+09:00  INFO 16208 --- [restartedMain] c.e.s.SlstudiominiApplication            : Starting SlstudiominiApplication using Java 21.0.1 with PID 16208 (C:\SLStudio\SpringBoot\chapter3\Lesson1\slstudiomini2\build\classes\java\main started by komatsubara in c:\SLStudio\SpringBoot\chapter3\Lesson1\slstudiomini2)
2024-03-12T17:16:53.927+09:00  INFO 16208 --- [restartedMain] c.e.s.SlstudiominiApplication            : The following 1 profile is active: "dev"
2024-03-12T17:16:54.026+09:00  INFO 16208 --- [restartedMain] .e.DevToolsPropertyDefaultsPostProcessor : Devtools property defaults active! Set 'spring.devtools.add-properties' to 'false' to disable
2024-03-12T17:16:54.027+09:00  INFO 16208 --- [restartedMain] .e.DevToolsPropertyDefaultsPostProcessor : For additional web related logging consider setting the 'logging.level.web' property to 'DEBUG'
2024-03-12T17:16:55.453+09:00  INFO 16208 --- [restartedMain] .s.d.r.c.RepositoryConfigurationDelegate : Bootstrapping Spring Data JPA repositories in DEFAULT mode.
2024-03-12T17:16:55.634+09:00  INFO 16208 --- [restartedMain] .s.d.r.c.RepositoryConfigurationDelegate : Finished Spring Data repository scanning in 163 ms. Found 4 JPA repository interfaces.
2024-03-12T17:16:57.033+09:00  INFO 16208 --- [restartedMain] o.s.b.w.embedded.tomcat.TomcatWebServer  : Tomcat initialized with port 8080 (http)
2024-03-12T17:16:57.061+09:00  INFO 16208 --- [restartedMain] o.apache.catalina.core.StandardService   : Starting service [Tomcat]
2024-03-12T17:16:57.061+09:00  INFO 16208 --- [restartedMain] o.apache.catalina.core.StandardEngine    : Starting Servlet engine: [Apache Tomcat/10.1.18]
2024-03-12T17:16:57.186+09:00  INFO 16208 --- [restartedMain] o.a.c.c.C.[Tomcat].[localhost].[/]       : Initializing Spring embedded WebApplicationContext
2024-03-12T17:16:57.187+09:00  INFO 16208 --- [restartedMain] w.s.c.ServletWebServerApplicationContext : Root WebApplicationContext: initialization completed in 3158 ms
2024-03-12T17:16:57.706+09:00  INFO 16208 --- [restartedMain] o.hibernate.jpa.internal.util.LogHelper  : HHH000204: Processing PersistenceUnitInfo [name: default]
2024-03-12T17:16:57.975+09:00  INFO 16208 --- [restartedMain] org.hibernate.Version                    : HHH000412: Hibernate ORM core version 6.4.1.Final
2024-03-12T17:16:58.040+09:00  INFO 16208 --- [restartedMain] o.h.c.internal.RegionFactoryInitiator    : HHH000026: Second-level cache disabled
2024-03-12T17:16:58.361+09:00  INFO 16208 --- [restartedMain] o.s.o.j.p.SpringPersistenceUnitInfo      : No LoadTimeWeaver setup: ignoring JPA class transformer
2024-03-12T17:16:58.398+09:00  INFO 16208 --- [restartedMain] com.zaxxer.hikari.HikariDataSource       : HikariPool-1 - Starting...
2024-03-12T17:16:58.633+09:00  INFO 16208 --- [restartedMain] com.zaxxer.hikari.pool.HikariPool        : HikariPool-1 - Added connection org.postgresql.jdbc.PgConnection@258ac6bf
2024-03-12T17:16:58.638+09:00  INFO 16208 --- [restartedMain] com.zaxxer.hikari.HikariDataSource       : HikariPool-1 - Start completed.
2024-03-12T17:17:00.034+09:00  INFO 16208 --- [restartedMain] o.h.e.t.j.p.i.JtaPlatformInitiator       : HHH000489: No JTA platform available (set 'hibernate.transaction.jta.platform' to enable JTA platform integration)
2024-03-12T17:17:00.161+09:00  INFO 16208 --- [restartedMain] j.LocalContainerEntityManagerFactoryBean : Initialized JPA EntityManagerFactory for persistence unit 'default'
2024-03-12T17:17:00.933+09:00  WARN 16208 --- [restartedMain] JpaBaseConfiguration$JpaWebConfiguration : spring.jpa.open-in-view is enabled by default. Therefore, database queries may be performed during view rendering. Explicitly configure spring.jpa.open-in-view to disable this warning
2024-03-12T17:17:01.102+09:00  INFO 16208 --- [restartedMain] o.s.b.a.w.s.WelcomePageHandlerMapping    : Adding welcome page template: index
2024-03-12T17:17:01.443+09:00  INFO 16208 --- [restartedMain] o.s.s.web.DefaultSecurityFilterChain     : Will secure any request with [org.springframework.security.web.session.DisableEncodeUrlFilter@1af8baa7, org.springframework.security.web.context.request.async.WebAsyncManagerIntegrationFilter@2b47744f, org.springframework.security.web.context.SecurityContextHolderFilter@d92675f, org.springframework.security.web.header.HeaderWriterFilter@f125ee3, org.springframework.web.filter.CorsFilter@65c2e2f0, org.springframework.security.web.csrf.CsrfFilter@35dd6cbb, org.springframework.security.web.authentication.logout.LogoutFilter@76f50d71, com.example.slstudiomini.dev.DevAuthenticationFilter@35a4b31b, org.springframework.security.web.authentication.UsernamePasswordAuthenticationFilter@2656e498, org.springframework.security.web.authentication.ui.DefaultLoginPageGeneratingFilter@5e7cb5dd, org.springframework.security.web.authentication.ui.DefaultLogoutPageGeneratingFilter@6ad61a8a, org.springframework.security.web.savedrequest.RequestCacheAwareFilter@3a62b48f, org.springframework.security.web.servletapi.SecurityContextHolderAwareRequestFilter@684e818, org.springframework.security.web.authentication.AnonymousAuthenticationFilter@7a23fe93, org.springframework.security.web.access.ExceptionTranslationFilter@79d7a521, org.springframework.security.web.access.intercept.AuthorizationFilter@37cf208f]
2024-03-12T17:17:01.867+09:00  INFO 16208 --- [restartedMain] o.s.b.d.a.OptionalLiveReloadServer       : LiveReload server is running on port 35729
2024-03-12T17:17:01.925+09:00  INFO 16208 --- [restartedMain] o.s.b.w.embedded.tomcat.TomcatWebServer  : Tomcat started on port 8080 (http) with context path ''
2024-03-12T17:17:01.936+09:00  INFO 16208 --- [restartedMain] c.e.s.SlstudiominiApplication            : Started SlstudiominiApplication in 8.613 seconds (process running for 9.376)
